{"/Users/funeral/Desktop/Teswira.ma/image-automation-platform/src/app/api/upload/route.ts": {"path":"/Users/funeral/Desktop/Teswira.ma/image-automation-platform/src/app/api/upload/route.ts","statementMap":{"0":{"start":{"line":1,"column":0},"end":{"line":1,"column":56}},"1":{"start":{"line":2,"column":0},"end":{"line":2,"column":40}},"2":{"start":{"line":3,"column":0},"end":{"line":3,"column":28}},"3":{"start":{"line":4,"column":0},"end":{"line":4,"column":73}},"4":{"start":{"line":8,"column":21},"end":{"line":8,"column":null}},"5":{"start":{"line":8,"column":10},"end":{"line":8,"column":null}},"6":{"start":{"line":9,"column":10},"end":{"line":9,"column":44}},"7":{"start":{"line":10,"column":10},"end":{"line":10,"column":105}},"8":{"start":{"line":12,"column":10},"end":{"line":12,"column":48}},"9":{"start":{"line":13,"column":10},"end":{"line":41,"column":7}},"10":{"start":{"line":13,"column":53},"end":{"line":41,"column":6}},"11":{"start":{"line":14,"column":20},"end":{"line":14,"column":null}},"12":{"start":{"line":14,"column":12},"end":{"line":14,"column":null}},"13":{"start":{"line":15,"column":12},"end":{"line":15,"column":40}},"14":{"start":{"line":18,"column":12},"end":{"line":18,"column":52}},"15":{"start":{"line":19,"column":12},"end":{"line":19,"column":74}},"16":{"start":{"line":22,"column":6},"end":{"line":22,"column":56}},"17":{"start":{"line":25,"column":21},"end":{"line":35,"column":null}},"18":{"start":{"line":25,"column":12},"end":{"line":35,"column":null}},"19":{"start":{"line":37,"column":6},"end":{"line":40,"column":8}},"20":{"start":{"line":43,"column":20},"end":{"line":43,"column":null}},"21":{"start":{"line":43,"column":10},"end":{"line":43,"column":null}},"22":{"start":{"line":45,"column":4},"end":{"line":48,"column":7}},"23":{"start":{"line":50,"column":4},"end":{"line":50,"column":42}},"24":{"start":{"line":51,"column":4},"end":{"line":54,"column":6}},"25":{"start":{"line":6,"column":0},"end":{"line":6,"column":22}}},"fnMap":{"0":{"name":"POST","decl":{"start":{"line":6,"column":22},"end":{"line":6,"column":26}},"loc":{"start":{"line":6,"column":47},"end":{"line":56,"column":null}}},"1":{"name":"(anonymous_16)","decl":{"start":{"line":13,"column":37},"end":{"line":13,"column":44}},"loc":{"start":{"line":13,"column":53},"end":{"line":41,"column":6}}},"2":{"name":"(anonymous_17)","decl":{"start":{"line":13,"column":53},"end":{"line":13,"column":null}},"loc":{"start":{"line":13,"column":53},"end":{"line":41,"column":6}}}},"branchMap":{"0":{"loc":{"start":{"line":10,"column":41},"end":{"line":10,"column":82}},"type":"binary-expr","locations":[{"start":{"line":10,"column":41},"end":{"line":10,"column":74}},{"start":{"line":10,"column":78},"end":{"line":10,"column":82}}]},"1":{"loc":{"start":{"line":14,"column":20},"end":{"line":14,"column":null}},"type":"switch","locations":[{"start":{"line":14,"column":20},"end":{"line":14,"column":null}}]},"2":{"loc":{"start":{"line":26,"column":16},"end":{"line":30,"column":null}},"type":"binary-expr","locations":[{"start":{"line":26,"column":16},"end":{"line":26,"column":40}},{"start":{"line":26,"column":44},"end":{"line":30,"column":null}}]},"3":{"loc":{"start":{"line":31,"column":18},"end":{"line":33,"column":null}},"type":"binary-expr","locations":[{"start":{"line":31,"column":18},"end":{"line":31,"column":44}},{"start":{"line":31,"column":48},"end":{"line":33,"column":null}}]},"4":{"loc":{"start":{"line":34,"column":16},"end":{"line":34,"column":50}},"type":"binary-expr","locations":[{"start":{"line":34,"column":16},"end":{"line":34,"column":40}},{"start":{"line":34,"column":44},"end":{"line":34,"column":50}}]}},"s":{"0":0,"1":0,"2":0,"3":0,"4":0,"5":0,"6":0,"7":0,"8":0,"9":0,"10":0,"11":0,"12":0,"13":0,"14":0,"15":0,"16":0,"17":0,"18":0,"19":0,"20":0,"21":0,"22":0,"23":0,"24":0,"25":0},"f":{"0":0,"1":0,"2":0},"b":{"0":[0,0],"1":[0],"2":[0,0],"3":[0,0],"4":[0,0]}}
,"/Users/funeral/Desktop/Teswira.ma/image-automation-platform/src/lib/imageProcessor.ts": {"path":"/Users/funeral/Desktop/Teswira.ma/image-automation-platform/src/lib/imageProcessor.ts","statementMap":{"0":{"start":{"line":1,"column":0},"end":{"line":1,"column":26}},"1":{"start":{"line":2,"column":0},"end":{"line":2,"column":28}},"2":{"start":{"line":25,"column":0},"end":{"line":25,"column":13}},"3":{"start":{"line":30,"column":4},"end":{"line":30,"column":63}},"4":{"start":{"line":31,"column":4},"end":{"line":31,"column":67}},"5":{"start":{"line":34,"column":8},"end":{"line":70,"column":null}},"6":{"start":{"line":38,"column":10},"end":{"line":38,"column":54}},"7":{"start":{"line":39,"column":10},"end":{"line":39,"column":65}},"8":{"start":{"line":40,"column":10},"end":{"line":40,"column":63}},"9":{"start":{"line":42,"column":8},"end":{"line":42,"column":36}},"10":{"start":{"line":45,"column":4},"end":{"line":51,"column":5}},"11":{"start":{"line":46,"column":6},"end":{"line":50,"column":9}},"12":{"start":{"line":54,"column":4},"end":{"line":58,"column":5}},"13":{"start":{"line":55,"column":6},"end":{"line":57,"column":9}},"14":{"start":{"line":61,"column":23},"end":{"line":61,"column":null}},"15":{"start":{"line":61,"column":10},"end":{"line":61,"column":null}},"16":{"start":{"line":63,"column":4},"end":{"line":69,"column":6}},"17":{"start":{"line":72,"column":8},"end":{"line":79,"column":null}},"18":{"start":{"line":76,"column":4},"end":{"line":78,"column":6}},"19":{"start":{"line":77,"column":32},"end":{"line":77,"column":69}},"20":{"start":{"line":80,"column":0},"end":{"line":80,"column":null}},"21":{"start":{"line":25,"column":13},"end":{"line":25,"column":27}}},"fnMap":{"0":{"name":"(anonymous_14)","decl":{"start":{"line":25,"column":0},"end":{"line":25,"column":13}},"loc":{"start":{"line":25,"column":0},"end":{"line":80,"column":null}}},"1":{"name":"ImageProcessor","decl":{"start":{"line":29,"column":2},"end":{"line":29,"column":null}},"loc":{"start":{"line":29,"column":2},"end":{"line":32,"column":3}}},"2":{"name":"(anonymous_16)","decl":{"start":{"line":34,"column":2},"end":{"line":34,"column":8}},"loc":{"start":{"line":36,"column":30},"end":{"line":70,"column":null}}},"3":{"name":"(anonymous_19)","decl":{"start":{"line":72,"column":2},"end":{"line":72,"column":8}},"loc":{"start":{"line":74,"column":30},"end":{"line":79,"column":null}}},"4":{"name":"(anonymous_22)","decl":{"start":{"line":77,"column":20},"end":{"line":77,"column":28}},"loc":{"start":{"line":77,"column":28},"end":{"line":77,"column":36}}}},"branchMap":{"0":{"loc":{"start":{"line":45,"column":4},"end":{"line":51,"column":5}},"type":"if","locations":[{"start":{"line":45,"column":4},"end":{"line":51,"column":5}}]},"1":{"loc":{"start":{"line":49,"column":13},"end":{"line":49,"column":42}},"type":"binary-expr","locations":[{"start":{"line":49,"column":13},"end":{"line":49,"column":31}},{"start":{"line":49,"column":35},"end":{"line":49,"column":42}}]},"2":{"loc":{"start":{"line":54,"column":4},"end":{"line":58,"column":5}},"type":"if","locations":[{"start":{"line":54,"column":4},"end":{"line":58,"column":5}}]},"3":{"loc":{"start":{"line":56,"column":17},"end":{"line":56,"column":48}},"type":"binary-expr","locations":[{"start":{"line":56,"column":17},"end":{"line":56,"column":42}},{"start":{"line":56,"column":46},"end":{"line":56,"column":48}}]},"4":{"loc":{"start":{"line":56,"column":17},"end":{"line":56,"column":42}},"type":"cond-expr","locations":[{"start":{"line":56,"column":33},"end":{"line":56,"column":35}},{"start":{"line":56,"column":33},"end":{"line":56,"column":42}}]},"5":{"loc":{"start":{"line":56,"column":17},"end":{"line":56,"column":35}},"type":"binary-expr","locations":[{"start":{"line":56,"column":17},"end":{"line":56,"column":35}},{"start":{"line":56,"column":33},"end":{"line":56,"column":35}}]},"6":{"loc":{"start":{"line":66,"column":14},"end":{"line":66,"column":44}},"type":"binary-expr","locations":[{"start":{"line":66,"column":14},"end":{"line":66,"column":31}},{"start":{"line":66,"column":35},"end":{"line":66,"column":44}}]},"7":{"loc":{"start":{"line":67,"column":13},"end":{"line":67,"column":34}},"type":"binary-expr","locations":[{"start":{"line":67,"column":13},"end":{"line":67,"column":29}},{"start":{"line":67,"column":33},"end":{"line":67,"column":34}}]},"8":{"loc":{"start":{"line":68,"column":14},"end":{"line":68,"column":36}},"type":"binary-expr","locations":[{"start":{"line":68,"column":14},"end":{"line":68,"column":31}},{"start":{"line":68,"column":35},"end":{"line":68,"column":36}}]}},"s":{"0":0,"1":0,"2":0,"3":0,"4":0,"5":0,"6":0,"7":0,"8":0,"9":0,"10":0,"11":0,"12":0,"13":0,"14":0,"15":0,"16":0,"17":0,"18":0,"19":0,"20":0,"21":0},"f":{"0":0,"1":0,"2":0,"3":0,"4":0},"b":{"0":[0],"1":[0,0],"2":[0],"3":[0,0],"4":[0,0],"5":[0,0],"6":[0,0],"7":[0,0],"8":[0,0]}}
,"/Users/funeral/Desktop/Teswira.ma/image-automation-platform/src/lib/db/config.ts": {"path":"/Users/funeral/Desktop/Teswira.ma/image-automation-platform/src/lib/db/config.ts","statementMap":{"0":{"start":{"line":1,"column":0},"end":{"line":1,"column":32}},"1":{"start":{"line":2,"column":0},"end":{"line":2,"column":28}},"2":{"start":{"line":4,"column":0},"end":{"line":4,"column":16}},"3":{"start":{"line":6,"column":20},"end":{"line":6,"column":91}},"4":{"start":{"line":8,"column":47},"end":{"line":8,"column":51}},"5":{"start":{"line":11,"column":2},"end":{"line":13,"column":3}},"6":{"start":{"line":12,"column":4},"end":{"line":12,"column":28}},"7":{"start":{"line":16,"column":23},"end":{"line":16,"column":null}},"8":{"start":{"line":16,"column":10},"end":{"line":16,"column":null}},"9":{"start":{"line":17,"column":4},"end":{"line":17,"column":40}},"10":{"start":{"line":20,"column":4},"end":{"line":22,"column":7}},"11":{"start":{"line":21,"column":6},"end":{"line":21,"column":56}},"12":{"start":{"line":24,"column":4},"end":{"line":26,"column":7}},"13":{"start":{"line":25,"column":6},"end":{"line":25,"column":54}},"14":{"start":{"line":28,"column":4},"end":{"line":28,"column":34}},"15":{"start":{"line":29,"column":4},"end":{"line":29,"column":22}},"16":{"start":{"line":31,"column":4},"end":{"line":31,"column":58}},"17":{"start":{"line":32,"column":4},"end":{"line":32,"column":16}},"18":{"start":{"line":10,"column":0},"end":{"line":10,"column":22}},"19":{"start":{"line":37,"column":2},"end":{"line":39,"column":3}},"20":{"start":{"line":38,"column":4},"end":{"line":38,"column":11}},"21":{"start":{"line":42,"column":4},"end":{"line":42,"column":32}},"22":{"start":{"line":43,"column":4},"end":{"line":43,"column":28}},"23":{"start":{"line":44,"column":4},"end":{"line":44,"column":45}},"24":{"start":{"line":46,"column":4},"end":{"line":46,"column":63}},"25":{"start":{"line":47,"column":4},"end":{"line":47,"column":16}},"26":{"start":{"line":36,"column":0},"end":{"line":36,"column":22}}},"fnMap":{"0":{"name":"connectToDatabase","decl":{"start":{"line":10,"column":22},"end":{"line":10,"column":39}},"loc":{"start":{"line":10,"column":39},"end":{"line":34,"column":null}}},"1":{"name":"(anonymous_17)","decl":{"start":{"line":20,"column":36},"end":{"line":20,"column":37}},"loc":{"start":{"line":20,"column":42},"end":{"line":22,"column":5}}},"2":{"name":"(anonymous_18)","decl":{"start":{"line":24,"column":43},"end":{"line":24,"column":null}},"loc":{"start":{"line":24,"column":43},"end":{"line":26,"column":5}}},"3":{"name":"disconnectFromDatabase","decl":{"start":{"line":36,"column":22},"end":{"line":36,"column":44}},"loc":{"start":{"line":36,"column":44},"end":{"line":49,"column":null}}}},"branchMap":{"0":{"loc":{"start":{"line":6,"column":20},"end":{"line":6,"column":91}},"type":"binary-expr","locations":[{"start":{"line":6,"column":20},"end":{"line":6,"column":43}},{"start":{"line":6,"column":47},"end":{"line":6,"column":91}}]},"1":{"loc":{"start":{"line":11,"column":2},"end":{"line":13,"column":3}},"type":"if","locations":[{"start":{"line":11,"column":2},"end":{"line":13,"column":3}}]},"2":{"loc":{"start":{"line":37,"column":2},"end":{"line":39,"column":3}},"type":"if","locations":[{"start":{"line":37,"column":2},"end":{"line":39,"column":3}}]}},"s":{"0":1,"1":1,"2":1,"3":1,"4":1,"5":4,"6":2,"7":2,"8":2,"9":1,"10":1,"11":1,"12":1,"13":1,"14":1,"15":1,"16":1,"17":1,"18":1,"19":0,"20":0,"21":0,"22":0,"23":0,"24":0,"25":0,"26":1},"f":{"0":4,"1":1,"2":1,"3":0},"b":{"0":[1,0],"1":[2],"2":[0]}}
,"/Users/funeral/Desktop/Teswira.ma/image-automation-platform/src/lib/db/index.ts": {"path":"/Users/funeral/Desktop/Teswira.ma/image-automation-platform/src/lib/db/index.ts","statementMap":{"0":{"start":{"line":1,"column":0},"end":{"line":1,"column":25}},"1":{"start":{"line":2,"column":0},"end":{"line":2,"column":25}},"2":{"start":{"line":3,"column":0},"end":{"line":3,"column":29}},"3":{"start":{"line":4,"column":0},"end":{"line":4,"column":31}},"4":{"start":{"line":5,"column":0},"end":{"line":5,"column":23}}},"fnMap":{},"branchMap":{},"s":{"0":0,"1":0,"2":0,"3":0,"4":0},"f":{},"b":{}}
,"/Users/funeral/Desktop/Teswira.ma/image-automation-platform/src/lib/db/init.ts": {"path":"/Users/funeral/Desktop/Teswira.ma/image-automation-platform/src/lib/db/init.ts","statementMap":{"0":{"start":{"line":1,"column":0},"end":{"line":1,"column":69}},"1":{"start":{"line":2,"column":0},"end":{"line":2,"column":32}},"2":{"start":{"line":13,"column":4},"end":{"line":16,"column":5}},"3":{"start":{"line":14,"column":6},"end":{"line":14,"column":50}},"4":{"start":{"line":15,"column":6},"end":{"line":15,"column":13}},"5":{"start":{"line":19,"column":4},"end":{"line":19,"column":30}},"6":{"start":{"line":22,"column":4},"end":{"line":24,"column":5}},"7":{"start":{"line":23,"column":6},"end":{"line":23,"column":64}},"8":{"start":{"line":26,"column":4},"end":{"line":26,"column":52}},"9":{"start":{"line":28,"column":4},"end":{"line":28,"column":58}},"10":{"start":{"line":29,"column":4},"end":{"line":29,"column":16}},"11":{"start":{"line":10,"column":0},"end":{"line":10,"column":22}},"12":{"start":{"line":35,"column":4},"end":{"line":35,"column":35}},"13":{"start":{"line":36,"column":4},"end":{"line":36,"column":58}},"14":{"start":{"line":38,"column":4},"end":{"line":38,"column":62}},"15":{"start":{"line":39,"column":4},"end":{"line":39,"column":16}},"16":{"start":{"line":33,"column":0},"end":{"line":33,"column":22}}},"fnMap":{"0":{"name":"initDatabase","decl":{"start":{"line":10,"column":22},"end":{"line":10,"column":34}},"loc":{"start":{"line":10,"column":34},"end":{"line":31,"column":null}}},"1":{"name":"closeDatabase","decl":{"start":{"line":33,"column":22},"end":{"line":33,"column":35}},"loc":{"start":{"line":33,"column":35},"end":{"line":41,"column":null}}}},"branchMap":{"0":{"loc":{"start":{"line":13,"column":4},"end":{"line":16,"column":5}},"type":"if","locations":[{"start":{"line":13,"column":4},"end":{"line":16,"column":5}}]},"1":{"loc":{"start":{"line":22,"column":4},"end":{"line":24,"column":5}},"type":"if","locations":[{"start":{"line":22,"column":4},"end":{"line":24,"column":5}}]}},"s":{"0":0,"1":0,"2":0,"3":0,"4":0,"5":0,"6":0,"7":0,"8":0,"9":0,"10":0,"11":0,"12":0,"13":0,"14":0,"15":0,"16":0},"f":{"0":0,"1":0},"b":{"0":[0],"1":[0]}}
,"/Users/funeral/Desktop/Teswira.ma/image-automation-platform/src/lib/db/models/image.model.ts": {"path":"/Users/funeral/Desktop/Teswira.ma/image-automation-platform/src/lib/db/models/image.model.ts","statementMap":{"0":{"start":{"line":1,"column":0},"end":{"line":1,"column":44}},"1":{"start":{"line":4,"column":20},"end":{"line":23,"column":null}},"2":{"start":{"line":27,"column":0},"end":{"line":27,"column":31}},"3":{"start":{"line":28,"column":0},"end":{"line":28,"column":33}},"4":{"start":{"line":29,"column":0},"end":{"line":29,"column":35}},"5":{"start":{"line":32,"column":13},"end":{"line":32,"column":91}}},"fnMap":{},"branchMap":{"0":{"loc":{"start":{"line":32,"column":21},"end":{"line":32,"column":90}},"type":"binary-expr","locations":[{"start":{"line":32,"column":21},"end":{"line":32,"column":42}},{"start":{"line":32,"column":46},"end":{"line":32,"column":90}}]}},"s":{"0":1,"1":1,"2":1,"3":1,"4":1,"5":1},"f":{},"b":{"0":[1,1]}}
,"/Users/funeral/Desktop/Teswira.ma/image-automation-platform/src/lib/db/models/index.ts": {"path":"/Users/funeral/Desktop/Teswira.ma/image-automation-platform/src/lib/db/models/index.ts","statementMap":{"0":{"start":{"line":1,"column":0},"end":{"line":1,"column":9}},"1":{"start":{"line":1,"column":9},"end":{"line":1,"column":38}},"2":{"start":{"line":2,"column":0},"end":{"line":2,"column":9}},"3":{"start":{"line":2,"column":9},"end":{"line":2,"column":55}},"4":{"start":{"line":3,"column":0},"end":{"line":3,"column":9}},"5":{"start":{"line":3,"column":9},"end":{"line":3,"column":38}}},"fnMap":{"0":{"name":"(anonymous_0)","decl":{"start":{"line":1,"column":9},"end":{"line":1,"column":14}},"loc":{"start":{"line":1,"column":9},"end":{"line":1,"column":38}}},"1":{"name":"(anonymous_1)","decl":{"start":{"line":2,"column":9},"end":{"line":2,"column":22}},"loc":{"start":{"line":2,"column":9},"end":{"line":2,"column":55}}},"2":{"name":"(anonymous_2)","decl":{"start":{"line":3,"column":9},"end":{"line":3,"column":14}},"loc":{"start":{"line":3,"column":9},"end":{"line":3,"column":38}}}},"branchMap":{},"s":{"0":1,"1":2,"2":1,"3":2,"4":1,"5":2},"f":{"0":1,"1":1,"2":1},"b":{}}
,"/Users/funeral/Desktop/Teswira.ma/image-automation-platform/src/lib/db/models/model.model.ts": {"path":"/Users/funeral/Desktop/Teswira.ma/image-automation-platform/src/lib/db/models/model.model.ts","statementMap":{"0":{"start":{"line":1,"column":0},"end":{"line":1,"column":44}},"1":{"start":{"line":4,"column":20},"end":{"line":27,"column":null}},"2":{"start":{"line":31,"column":0},"end":{"line":31,"column":61}},"3":{"start":{"line":32,"column":0},"end":{"line":32,"column":31}},"4":{"start":{"line":33,"column":0},"end":{"line":33,"column":33}},"5":{"start":{"line":36,"column":13},"end":{"line":36,"column":91}}},"fnMap":{},"branchMap":{"0":{"loc":{"start":{"line":36,"column":21},"end":{"line":36,"column":90}},"type":"binary-expr","locations":[{"start":{"line":36,"column":21},"end":{"line":36,"column":42}},{"start":{"line":36,"column":46},"end":{"line":36,"column":90}}]}},"s":{"0":1,"1":1,"2":1,"3":1,"4":1,"5":1},"f":{},"b":{"0":[1,1]}}
,"/Users/funeral/Desktop/Teswira.ma/image-automation-platform/src/lib/db/models/processing-job.model.ts": {"path":"/Users/funeral/Desktop/Teswira.ma/image-automation-platform/src/lib/db/models/processing-job.model.ts","statementMap":{"0":{"start":{"line":1,"column":0},"end":{"line":1,"column":44}},"1":{"start":{"line":4,"column":28},"end":{"line":33,"column":null}},"2":{"start":{"line":37,"column":0},"end":{"line":37,"column":42}},"3":{"start":{"line":38,"column":0},"end":{"line":38,"column":41}},"4":{"start":{"line":39,"column":0},"end":{"line":39,"column":41}},"5":{"start":{"line":40,"column":0},"end":{"line":40,"column":44}},"6":{"start":{"line":43,"column":13},"end":{"line":44,"column":71}}},"fnMap":{},"branchMap":{"0":{"loc":{"start":{"line":43,"column":29},"end":{"line":44,"column":70}},"type":"binary-expr","locations":[{"start":{"line":43,"column":29},"end":{"line":43,"column":58}},{"start":{"line":44,"column":2},"end":{"line":44,"column":70}}]}},"s":{"0":1,"1":1,"2":1,"3":1,"4":1,"5":1,"6":1},"f":{},"b":{"0":[1,1]}}
,"/Users/funeral/Desktop/Teswira.ma/image-automation-platform/src/lib/db/repositories/base.repository.ts": {"path":"/Users/funeral/Desktop/Teswira.ma/image-automation-platform/src/lib/db/repositories/base.repository.ts","statementMap":{"0":{"start":{"line":3,"column":0},"end":{"line":3,"column":13}},"1":{"start":{"line":4,"column":31},"end":{"line":4,"column":46}},"2":{"start":{"line":6,"column":8},"end":{"line":9,"column":null}},"3":{"start":{"line":7,"column":10},"end":{"line":7,"column":47}},"4":{"start":{"line":8,"column":4},"end":{"line":8,"column":46}},"5":{"start":{"line":11,"column":8},"end":{"line":13,"column":null}},"6":{"start":{"line":12,"column":4},"end":{"line":12,"column":42}},"7":{"start":{"line":15,"column":8},"end":{"line":17,"column":null}},"8":{"start":{"line":16,"column":4},"end":{"line":16,"column":45}},"9":{"start":{"line":19,"column":8},"end":{"line":21,"column":null}},"10":{"start":{"line":20,"column":4},"end":{"line":20,"column":55}},"11":{"start":{"line":23,"column":8},"end":{"line":25,"column":null}},"12":{"start":{"line":24,"column":4},"end":{"line":24,"column":72}},"13":{"start":{"line":27,"column":8},"end":{"line":29,"column":null}},"14":{"start":{"line":28,"column":4},"end":{"line":28,"column":51}},"15":{"start":{"line":31,"column":8},"end":{"line":33,"column":null}},"16":{"start":{"line":32,"column":4},"end":{"line":32,"column":52}},"17":{"start":{"line":34,"column":0},"end":{"line":34,"column":null}},"18":{"start":{"line":3,"column":13},"end":{"line":3,"column":27}}},"fnMap":{"0":{"name":"(anonymous_13)","decl":{"start":{"line":3,"column":0},"end":{"line":3,"column":13}},"loc":{"start":{"line":3,"column":0},"end":{"line":34,"column":null}}},"1":{"name":"BaseRepository","decl":{"start":{"line":4,"column":2},"end":{"line":4,"column":31}},"loc":{"start":{"line":4,"column":46},"end":{"line":4,"column":50}}},"2":{"name":"(anonymous_15)","decl":{"start":{"line":6,"column":2},"end":{"line":6,"column":8}},"loc":{"start":{"line":6,"column":31},"end":{"line":9,"column":null}}},"3":{"name":"(anonymous_18)","decl":{"start":{"line":11,"column":2},"end":{"line":11,"column":8}},"loc":{"start":{"line":11,"column":27},"end":{"line":13,"column":null}}},"4":{"name":"(anonymous_21)","decl":{"start":{"line":15,"column":2},"end":{"line":15,"column":8}},"loc":{"start":{"line":15,"column":38},"end":{"line":17,"column":null}}},"5":{"name":"(anonymous_24)","decl":{"start":{"line":19,"column":2},"end":{"line":19,"column":8}},"loc":{"start":{"line":19,"column":59},"end":{"line":21,"column":null}}},"6":{"name":"(anonymous_27)","decl":{"start":{"line":23,"column":2},"end":{"line":23,"column":8}},"loc":{"start":{"line":23,"column":47},"end":{"line":25,"column":null}}},"7":{"name":"(anonymous_30)","decl":{"start":{"line":27,"column":2},"end":{"line":27,"column":8}},"loc":{"start":{"line":27,"column":25},"end":{"line":29,"column":null}}},"8":{"name":"(anonymous_33)","decl":{"start":{"line":31,"column":2},"end":{"line":31,"column":8}},"loc":{"start":{"line":31,"column":36},"end":{"line":33,"column":null}}}},"branchMap":{},"s":{"0":1,"1":3,"2":1,"3":10,"4":10,"5":1,"6":0,"7":1,"8":0,"9":1,"10":2,"11":1,"12":2,"13":1,"14":0,"15":1,"16":0,"17":1,"18":1},"f":{"0":1,"1":3,"2":10,"3":0,"4":0,"5":2,"6":2,"7":0,"8":0},"b":{}}
,"/Users/funeral/Desktop/Teswira.ma/image-automation-platform/src/lib/db/repositories/image.repository.ts": {"path":"/Users/funeral/Desktop/Teswira.ma/image-automation-platform/src/lib/db/repositories/image.repository.ts","statementMap":{"0":{"start":{"line":1,"column":0},"end":{"line":1,"column":51}},"1":{"start":{"line":2,"column":0},"end":{"line":2,"column":34}},"2":{"start":{"line":5,"column":0},"end":{"line":5,"column":59}},"3":{"start":{"line":5,"column":37},"end":{"line":5,"column":51}},"4":{"start":{"line":7,"column":4},"end":{"line":7,"column":17}},"5":{"start":{"line":10,"column":8},"end":{"line":12,"column":null}},"6":{"start":{"line":11,"column":4},"end":{"line":11,"column":46}},"7":{"start":{"line":14,"column":8},"end":{"line":16,"column":null}},"8":{"start":{"line":15,"column":4},"end":{"line":15,"column":45}},"9":{"start":{"line":18,"column":8},"end":{"line":20,"column":null}},"10":{"start":{"line":19,"column":4},"end":{"line":19,"column":33}},"11":{"start":{"line":21,"column":0},"end":{"line":21,"column":null}},"12":{"start":{"line":5,"column":13},"end":{"line":5,"column":28}},"13":{"start":{"line":24,"column":13},"end":{"line":24,"column":53}}},"fnMap":{"0":{"name":"(anonymous_19)","decl":{"start":{"line":5,"column":0},"end":{"line":5,"column":13}},"loc":{"start":{"line":5,"column":0},"end":{"line":21,"column":null}}},"1":{"name":"ImageRepository","decl":{"start":{"line":6,"column":2},"end":{"line":6,"column":null}},"loc":{"start":{"line":6,"column":2},"end":{"line":8,"column":3}}},"2":{"name":"(anonymous_21)","decl":{"start":{"line":10,"column":2},"end":{"line":10,"column":8}},"loc":{"start":{"line":10,"column":33},"end":{"line":12,"column":null}}},"3":{"name":"(anonymous_24)","decl":{"start":{"line":14,"column":2},"end":{"line":14,"column":8}},"loc":{"start":{"line":14,"column":39},"end":{"line":16,"column":null}}},"4":{"name":"(anonymous_27)","decl":{"start":{"line":18,"column":2},"end":{"line":18,"column":8}},"loc":{"start":{"line":18,"column":35},"end":{"line":20,"column":null}}}},"branchMap":{"0":{"loc":{"start":{"line":7,"column":4},"end":{"line":7,"column":17}},"type":"binary-expr","locations":[{"start":{"line":7,"column":4},"end":{"line":7,"column":16}},{"start":{"line":7,"column":16},"end":{"line":7,"column":17}}]}},"s":{"0":1,"1":1,"2":1,"3":1,"4":1,"5":1,"6":1,"7":1,"8":0,"9":1,"10":0,"11":1,"12":1,"13":1},"f":{"0":1,"1":1,"2":1,"3":0,"4":0},"b":{"0":[1,1]}}
,"/Users/funeral/Desktop/Teswira.ma/image-automation-platform/src/lib/db/repositories/index.ts": {"path":"/Users/funeral/Desktop/Teswira.ma/image-automation-platform/src/lib/db/repositories/index.ts","statementMap":{"0":{"start":{"line":1,"column":0},"end":{"line":1,"column":34}},"1":{"start":{"line":2,"column":0},"end":{"line":2,"column":35}},"2":{"start":{"line":3,"column":0},"end":{"line":3,"column":44}},"3":{"start":{"line":4,"column":0},"end":{"line":4,"column":35}}},"fnMap":{},"branchMap":{},"s":{"0":1,"1":1,"2":1,"3":1},"f":{},"b":{}}
,"/Users/funeral/Desktop/Teswira.ma/image-automation-platform/src/lib/db/repositories/model.repository.ts": {"path":"/Users/funeral/Desktop/Teswira.ma/image-automation-platform/src/lib/db/repositories/model.repository.ts","statementMap":{"0":{"start":{"line":1,"column":0},"end":{"line":1,"column":51}},"1":{"start":{"line":2,"column":0},"end":{"line":2,"column":34}},"2":{"start":{"line":5,"column":0},"end":{"line":5,"column":59}},"3":{"start":{"line":5,"column":37},"end":{"line":5,"column":51}},"4":{"start":{"line":7,"column":4},"end":{"line":7,"column":17}},"5":{"start":{"line":10,"column":8},"end":{"line":12,"column":null}},"6":{"start":{"line":11,"column":4},"end":{"line":11,"column":31}},"7":{"start":{"line":14,"column":8},"end":{"line":16,"column":null}},"8":{"start":{"line":15,"column":4},"end":{"line":15,"column":31}},"9":{"start":{"line":18,"column":8},"end":{"line":25,"column":null}},"10":{"start":{"line":19,"column":19},"end":{"line":22,"column":null}},"11":{"start":{"line":19,"column":10},"end":{"line":22,"column":null}},"12":{"start":{"line":24,"column":4},"end":{"line":24,"column":48}},"13":{"start":{"line":27,"column":8},"end":{"line":29,"column":null}},"14":{"start":{"line":28,"column":4},"end":{"line":28,"column":43}},"15":{"start":{"line":30,"column":0},"end":{"line":30,"column":null}},"16":{"start":{"line":5,"column":13},"end":{"line":5,"column":28}},"17":{"start":{"line":33,"column":13},"end":{"line":33,"column":53}}},"fnMap":{"0":{"name":"(anonymous_19)","decl":{"start":{"line":5,"column":0},"end":{"line":5,"column":13}},"loc":{"start":{"line":5,"column":0},"end":{"line":30,"column":null}}},"1":{"name":"ModelRepository","decl":{"start":{"line":6,"column":2},"end":{"line":6,"column":null}},"loc":{"start":{"line":6,"column":2},"end":{"line":8,"column":3}}},"2":{"name":"(anonymous_21)","decl":{"start":{"line":10,"column":2},"end":{"line":10,"column":8}},"loc":{"start":{"line":10,"column":87},"end":{"line":12,"column":null}}},"3":{"name":"(anonymous_24)","decl":{"start":{"line":14,"column":2},"end":{"line":14,"column":8}},"loc":{"start":{"line":14,"column":31},"end":{"line":16,"column":null}}},"4":{"name":"(anonymous_27)","decl":{"start":{"line":18,"column":2},"end":{"line":18,"column":8}},"loc":{"start":{"line":18,"column":38},"end":{"line":25,"column":null}}},"5":{"name":"(anonymous_30)","decl":{"start":{"line":27,"column":2},"end":{"line":27,"column":8}},"loc":{"start":{"line":27,"column":58},"end":{"line":29,"column":null}}}},"branchMap":{"0":{"loc":{"start":{"line":7,"column":4},"end":{"line":7,"column":17}},"type":"binary-expr","locations":[{"start":{"line":7,"column":4},"end":{"line":7,"column":16}},{"start":{"line":7,"column":16},"end":{"line":7,"column":17}}]},"1":{"loc":{"start":{"line":19,"column":19},"end":{"line":22,"column":null}},"type":"switch","locations":[{"start":{"line":19,"column":19},"end":{"line":22,"column":null}}]},"2":{"loc":{"start":{"line":24,"column":11},"end":{"line":24,"column":47}},"type":"cond-expr","locations":[{"start":{"line":24,"column":31},"end":{"line":24,"column":40}},{"start":{"line":24,"column":43},"end":{"line":24,"column":47}}]}},"s":{"0":1,"1":1,"2":1,"3":1,"4":1,"5":1,"6":0,"7":1,"8":0,"9":1,"10":1,"11":1,"12":1,"13":1,"14":0,"15":1,"16":1,"17":1},"f":{"0":1,"1":1,"2":0,"3":0,"4":1,"5":0},"b":{"0":[1,1],"1":[1],"2":[1,0]}}
,"/Users/funeral/Desktop/Teswira.ma/image-automation-platform/src/lib/db/repositories/processing-job.repository.ts": {"path":"/Users/funeral/Desktop/Teswira.ma/image-automation-platform/src/lib/db/repositories/processing-job.repository.ts","statementMap":{"0":{"start":{"line":1,"column":0},"end":{"line":1,"column":51}},"1":{"start":{"line":2,"column":0},"end":{"line":2,"column":42}},"2":{"start":{"line":5,"column":0},"end":{"line":5,"column":75}},"3":{"start":{"line":5,"column":45},"end":{"line":5,"column":59}},"4":{"start":{"line":7,"column":4},"end":{"line":7,"column":25}},"5":{"start":{"line":10,"column":8},"end":{"line":12,"column":null}},"6":{"start":{"line":11,"column":4},"end":{"line":11,"column":34}},"7":{"start":{"line":14,"column":8},"end":{"line":16,"column":null}},"8":{"start":{"line":15,"column":4},"end":{"line":15,"column":33}},"9":{"start":{"line":18,"column":8},"end":{"line":23,"column":null}},"10":{"start":{"line":18,"column":24},"end":{"line":18,"column":null}},"11":{"start":{"line":19,"column":4},"end":{"line":22,"column":6}},"12":{"start":{"line":25,"column":8},"end":{"line":39,"column":null}},"13":{"start":{"line":26,"column":10},"end":{"line":26,"column":39}},"14":{"start":{"line":28,"column":4},"end":{"line":32,"column":5}},"15":{"start":{"line":29,"column":6},"end":{"line":29,"column":40}},"16":{"start":{"line":30,"column":11},"end":{"line":32,"column":5}},"17":{"start":{"line":31,"column":6},"end":{"line":31,"column":42}},"18":{"start":{"line":34,"column":4},"end":{"line":36,"column":5}},"19":{"start":{"line":35,"column":6},"end":{"line":35,"column":41}},"20":{"start":{"line":38,"column":4},"end":{"line":38,"column":39}},"21":{"start":{"line":40,"column":0},"end":{"line":40,"column":null}},"22":{"start":{"line":5,"column":13},"end":{"line":5,"column":36}},"23":{"start":{"line":43,"column":13},"end":{"line":43,"column":69}}},"fnMap":{"0":{"name":"(anonymous_19)","decl":{"start":{"line":5,"column":0},"end":{"line":5,"column":13}},"loc":{"start":{"line":5,"column":0},"end":{"line":40,"column":null}}},"1":{"name":"ProcessingJobRepository","decl":{"start":{"line":6,"column":2},"end":{"line":6,"column":null}},"loc":{"start":{"line":6,"column":2},"end":{"line":8,"column":3}}},"2":{"name":"(anonymous_21)","decl":{"start":{"line":10,"column":2},"end":{"line":10,"column":8}},"loc":{"start":{"line":10,"column":37},"end":{"line":12,"column":null}}},"3":{"name":"(anonymous_24)","decl":{"start":{"line":14,"column":2},"end":{"line":14,"column":8}},"loc":{"start":{"line":14,"column":78},"end":{"line":16,"column":null}}},"4":{"name":"(anonymous_27)","decl":{"start":{"line":18,"column":2},"end":{"line":18,"column":8}},"loc":{"start":{"line":18,"column":42},"end":{"line":23,"column":null}}},"5":{"name":"(anonymous_30)","decl":{"start":{"line":25,"column":2},"end":{"line":25,"column":8}},"loc":{"start":{"line":25,"column":106},"end":{"line":39,"column":null}}}},"branchMap":{"0":{"loc":{"start":{"line":7,"column":4},"end":{"line":7,"column":25}},"type":"binary-expr","locations":[{"start":{"line":7,"column":4},"end":{"line":7,"column":24}},{"start":{"line":7,"column":24},"end":{"line":7,"column":25}}]},"1":{"loc":{"start":{"line":18,"column":24},"end":{"line":18,"column":null}},"type":"if","locations":[{"start":{"line":18,"column":24},"end":{"line":18,"column":null}}]},"2":{"loc":{"start":{"line":28,"column":4},"end":{"line":32,"column":5}},"type":"if","locations":[{"start":{"line":28,"column":4},"end":{"line":32,"column":5}},{"start":{"line":30,"column":11},"end":{"line":32,"column":5}}]},"3":{"loc":{"start":{"line":30,"column":11},"end":{"line":32,"column":5}},"type":"if","locations":[{"start":{"line":30,"column":11},"end":{"line":32,"column":5}}]},"4":{"loc":{"start":{"line":30,"column":15},"end":{"line":30,"column":60}},"type":"binary-expr","locations":[{"start":{"line":30,"column":15},"end":{"line":30,"column":37}},{"start":{"line":30,"column":41},"end":{"line":30,"column":60}}]},"5":{"loc":{"start":{"line":34,"column":4},"end":{"line":36,"column":5}},"type":"if","locations":[{"start":{"line":34,"column":4},"end":{"line":36,"column":5}}]},"6":{"loc":{"start":{"line":34,"column":8},"end":{"line":34,"column":36}},"type":"binary-expr","locations":[{"start":{"line":34,"column":8},"end":{"line":34,"column":13}},{"start":{"line":34,"column":17},"end":{"line":34,"column":36}}]}},"s":{"0":1,"1":1,"2":1,"3":1,"4":1,"5":1,"6":0,"7":1,"8":0,"9":1,"10":0,"11":0,"12":1,"13":2,"14":2,"15":1,"16":1,"17":1,"18":2,"19":1,"20":2,"21":1,"22":1,"23":1},"f":{"0":1,"1":1,"2":0,"3":0,"4":0,"5":2},"b":{"0":[1,1],"1":[0],"2":[1,1],"3":[1],"4":[1,1],"5":[1],"6":[2,1]}}
}
