TN:
SF:src/app/api/upload/route.ts
FN:6,POST
FN:13,(anonymous_16)
FN:13,(anonymous_17)
FNF:3
FNH:0
FNDA:0,POST
FNDA:0,(anonymous_16)
FNDA:0,(anonymous_17)
DA:1,0
DA:2,0
DA:3,0
DA:4,0
DA:6,0
DA:8,0
DA:9,0
DA:10,0
DA:12,0
DA:13,0
DA:14,0
DA:15,0
DA:18,0
DA:19,0
DA:22,0
DA:25,0
DA:37,0
DA:43,0
DA:45,0
DA:50,0
DA:51,0
LF:21
LH:0
BRDA:10,0,0,0
BRDA:10,0,1,0
BRDA:14,1,0,0
BRDA:26,2,0,0
BRDA:26,2,1,0
BRDA:31,3,0,0
BRDA:31,3,1,0
BRDA:34,4,0,0
BRDA:34,4,1,0
BRF:9
BRH:0
end_of_record
TN:
SF:src/lib/imageProcessor.ts
FN:25,(anonymous_14)
FN:29,ImageProcessor
FN:34,(anonymous_16)
FN:72,(anonymous_19)
FN:77,(anonymous_22)
FNF:5
FNH:0
FNDA:0,(anonymous_14)
FNDA:0,ImageProcessor
FNDA:0,(anonymous_16)
FNDA:0,(anonymous_19)
FNDA:0,(anonymous_22)
DA:1,0
DA:2,0
DA:25,0
DA:30,0
DA:31,0
DA:34,0
DA:38,0
DA:39,0
DA:40,0
DA:42,0
DA:45,0
DA:46,0
DA:54,0
DA:55,0
DA:61,0
DA:63,0
DA:72,0
DA:76,0
DA:77,0
DA:80,0
LF:20
LH:0
BRDA:45,0,0,0
BRDA:49,1,0,0
BRDA:49,1,1,0
BRDA:54,2,0,0
BRDA:56,3,0,0
BRDA:56,3,1,0
BRDA:56,4,0,0
BRDA:56,4,1,0
BRDA:56,5,0,0
BRDA:56,5,1,0
BRDA:66,6,0,0
BRDA:66,6,1,0
BRDA:67,7,0,0
BRDA:67,7,1,0
BRDA:68,8,0,0
BRDA:68,8,1,0
BRF:16
BRH:0
end_of_record
TN:
SF:src/lib/db/config.ts
FN:10,connectToDatabase
FN:20,(anonymous_17)
FN:24,(anonymous_18)
FN:36,disconnectFromDatabase
FNF:4
FNH:3
FNDA:4,connectToDatabase
FNDA:1,(anonymous_17)
FNDA:1,(anonymous_18)
FNDA:0,disconnectFromDatabase
DA:1,1
DA:2,1
DA:4,1
DA:6,1
DA:8,1
DA:10,1
DA:11,4
DA:12,2
DA:16,2
DA:17,1
DA:20,1
DA:21,1
DA:24,1
DA:25,1
DA:28,1
DA:29,1
DA:31,1
DA:32,1
DA:36,1
DA:37,0
DA:38,0
DA:42,0
DA:43,0
DA:44,0
DA:46,0
DA:47,0
LF:26
LH:19
BRDA:6,0,0,1
BRDA:6,0,1,0
BRDA:11,1,0,2
BRDA:37,2,0,0
BRF:4
BRH:2
end_of_record
TN:
SF:src/lib/db/index.ts
FNF:0
FNH:0
DA:1,0
DA:2,0
DA:3,0
DA:4,0
DA:5,0
LF:5
LH:0
BRF:0
BRH:0
end_of_record
TN:
SF:src/lib/db/init.ts
FN:10,initDatabase
FN:33,closeDatabase
FNF:2
FNH:0
FNDA:0,initDatabase
FNDA:0,closeDatabase
DA:1,0
DA:2,0
DA:10,0
DA:13,0
DA:14,0
DA:15,0
DA:19,0
DA:22,0
DA:23,0
DA:26,0
DA:28,0
DA:29,0
DA:33,0
DA:35,0
DA:36,0
DA:38,0
DA:39,0
LF:17
LH:0
BRDA:13,0,0,0
BRDA:22,1,0,0
BRF:2
BRH:0
end_of_record
TN:
SF:src/lib/db/models/image.model.ts
FNF:0
FNH:0
DA:1,1
DA:4,1
DA:27,1
DA:28,1
DA:29,1
DA:32,1
LF:6
LH:6
BRDA:32,0,0,1
BRDA:32,0,1,1
BRF:2
BRH:2
end_of_record
TN:
SF:src/lib/db/models/index.ts
FN:1,(anonymous_0)
FN:2,(anonymous_1)
FN:3,(anonymous_2)
FNF:3
FNH:3
FNDA:1,(anonymous_0)
FNDA:1,(anonymous_1)
FNDA:1,(anonymous_2)
DA:1,2
DA:2,2
DA:3,2
LF:3
LH:3
BRF:0
BRH:0
end_of_record
TN:
SF:src/lib/db/models/model.model.ts
FNF:0
FNH:0
DA:1,1
DA:4,1
DA:31,1
DA:32,1
DA:33,1
DA:36,1
LF:6
LH:6
BRDA:36,0,0,1
BRDA:36,0,1,1
BRF:2
BRH:2
end_of_record
TN:
SF:src/lib/db/models/processing-job.model.ts
FNF:0
FNH:0
DA:1,1
DA:4,1
DA:37,1
DA:38,1
DA:39,1
DA:40,1
DA:43,1
LF:7
LH:7
BRDA:43,0,0,1
BRDA:43,0,1,1
BRF:2
BRH:2
end_of_record
TN:
SF:src/lib/db/repositories/base.repository.ts
FN:3,(anonymous_13)
FN:4,BaseRepository
FN:6,(anonymous_15)
FN:11,(anonymous_18)
FN:15,(anonymous_21)
FN:19,(anonymous_24)
FN:23,(anonymous_27)
FN:27,(anonymous_30)
FN:31,(anonymous_33)
FNF:9
FNH:5
FNDA:1,(anonymous_13)
FNDA:3,BaseRepository
FNDA:10,(anonymous_15)
FNDA:0,(anonymous_18)
FNDA:0,(anonymous_21)
FNDA:2,(anonymous_24)
FNDA:2,(anonymous_27)
FNDA:0,(anonymous_30)
FNDA:0,(anonymous_33)
DA:3,1
DA:4,3
DA:6,1
DA:7,10
DA:8,10
DA:11,1
DA:12,0
DA:15,1
DA:16,0
DA:19,1
DA:20,2
DA:23,1
DA:24,2
DA:27,1
DA:28,0
DA:31,1
DA:32,0
DA:34,1
LF:18
LH:14
BRF:0
BRH:0
end_of_record
TN:
SF:src/lib/db/repositories/image.repository.ts
FN:5,(anonymous_19)
FN:6,ImageRepository
FN:10,(anonymous_21)
FN:14,(anonymous_24)
FN:18,(anonymous_27)
FNF:5
FNH:3
FNDA:1,(anonymous_19)
FNDA:1,ImageRepository
FNDA:1,(anonymous_21)
FNDA:0,(anonymous_24)
FNDA:0,(anonymous_27)
DA:1,1
DA:2,1
DA:5,1
DA:7,1
DA:10,1
DA:11,1
DA:14,1
DA:15,0
DA:18,1
DA:19,0
DA:21,1
DA:24,1
LF:12
LH:10
BRDA:7,0,0,1
BRDA:7,0,1,1
BRF:2
BRH:2
end_of_record
TN:
SF:src/lib/db/repositories/index.ts
FNF:0
FNH:0
DA:1,1
DA:2,1
DA:3,1
DA:4,1
LF:4
LH:4
BRF:0
BRH:0
end_of_record
TN:
SF:src/lib/db/repositories/model.repository.ts
FN:5,(anonymous_19)
FN:6,ModelRepository
FN:10,(anonymous_21)
FN:14,(anonymous_24)
FN:18,(anonymous_27)
FN:27,(anonymous_30)
FNF:6
FNH:3
FNDA:1,(anonymous_19)
FNDA:1,ModelRepository
FNDA:0,(anonymous_21)
FNDA:0,(anonymous_24)
FNDA:1,(anonymous_27)
FNDA:0,(anonymous_30)
DA:1,1
DA:2,1
DA:5,1
DA:7,1
DA:10,1
DA:11,0
DA:14,1
DA:15,0
DA:18,1
DA:19,1
DA:24,1
DA:27,1
DA:28,0
DA:30,1
DA:33,1
LF:15
LH:12
BRDA:7,0,0,1
BRDA:7,0,1,1
BRDA:19,1,0,1
BRDA:24,2,0,1
BRDA:24,2,1,0
BRF:5
BRH:4
end_of_record
TN:
SF:src/lib/db/repositories/processing-job.repository.ts
FN:5,(anonymous_19)
FN:6,ProcessingJobRepository
FN:10,(anonymous_21)
FN:14,(anonymous_24)
FN:18,(anonymous_27)
FN:25,(anonymous_30)
FNF:6
FNH:3
FNDA:1,(anonymous_19)
FNDA:1,ProcessingJobRepository
FNDA:0,(anonymous_21)
FNDA:0,(anonymous_24)
FNDA:0,(anonymous_27)
FNDA:2,(anonymous_30)
DA:1,1
DA:2,1
DA:5,1
DA:7,1
DA:10,1
DA:11,0
DA:14,1
DA:15,0
DA:18,1
DA:19,0
DA:25,1
DA:26,2
DA:28,2
DA:29,1
DA:30,1
DA:31,1
DA:34,2
DA:35,1
DA:38,2
DA:40,1
DA:43,1
LF:21
LH:18
BRDA:7,0,0,1
BRDA:7,0,1,1
BRDA:18,1,0,0
BRDA:28,2,0,1
BRDA:28,2,1,1
BRDA:30,3,0,1
BRDA:30,4,0,1
BRDA:30,4,1,1
BRDA:34,5,0,1
BRDA:34,6,0,2
BRDA:34,6,1,1
BRF:11
BRH:10
end_of_record
